<?xml version="1.0" encoding="UTF-8"?>
<!-- Generated by org.testng.reporters.JUnitReportReporter -->
<testsuite skipped="0" hostname="ULTP489" name="com.whetherApiTesting.GetDateFromAPI" tests="2" failures="0" timestamp="2020-02-10T18:13:15 IST" time="4.476" errors="0">
  <testcase name="testResponseBody" time="3.605" classname="com.whetherApiTesting.GetDateFromAPI"/>
  <testcase name="testResponseCode" time="0.871" classname="com.whetherApiTesting.GetDateFromAPI"/>
</testsuite> <!-- com.whetherApiTesting.GetDateFromAPI -->
