<?xml version="1.0" encoding="UTF-8"?>
<!-- Generated by org.testng.reporters.JUnitReportReporter -->
<testsuite skipped="0" hostname="ULTP489" name="com.dataDrivenTestingAPI.DataDriverTest_AddNewEmployee" tests="5" failures="0" timestamp="2020-02-13T17:23:49 IST" time="6.976" errors="0">
  <testcase name="postNewEmployeeByDataProvider" time="3.647" classname="com.dataDrivenTestingAPI.DataDriverTest_AddNewEmployee"/>
  <testcase name="postNewEmployeeByDataProvider" time="0.837" classname="com.dataDrivenTestingAPI.DataDriverTest_AddNewEmployee"/>
  <testcase name="postNewEmployeeByDataProvider" time="0.817" classname="com.dataDrivenTestingAPI.DataDriverTest_AddNewEmployee"/>
  <testcase name="postNewEmployeeByDataProvider" time="0.834" classname="com.dataDrivenTestingAPI.DataDriverTest_AddNewEmployee"/>
  <testcase name="postNewEmployeeByDataProvider" time="0.841" classname="com.dataDrivenTestingAPI.DataDriverTest_AddNewEmployee"/>
</testsuite> <!-- com.dataDrivenTestingAPI.DataDriverTest_AddNewEmployee -->
