<?xml version="1.0" encoding="UTF-8"?>
<!-- Generated by org.testng.reporters.JUnitReportReporter -->
<testsuite skipped="0" hostname="ULTP489" name="com.whetherApiTesting.Demo2_Put_Request" tests="1" failures="0" timestamp="2020-02-11T15:38:28 IST" time="4.957" errors="0">
  <testcase name="test_Put_Request" time="4.957" classname="com.whetherApiTesting.Demo2_Put_Request"/>
</testsuite> <!-- com.whetherApiTesting.Demo2_Put_Request -->
