<?xml version="1.0" encoding="UTF-8"?>
<!-- Generated by org.testng.reporters.JUnitReportReporter -->
<testsuite skipped="0" hostname="ULTP489" name="com.whetherApiTesting.WhetherGetRequest" tests="2" failures="0" timestamp="2020-02-10T17:41:52 IST" time="4.151" errors="0">
  <testcase name="test_NumberOfCircuitsFor2017_Season" time="0.288" classname="com.whetherApiTesting.WhetherGetRequest"/>
  <testcase name="demo_GET_Request_01" time="3.863" classname="com.whetherApiTesting.WhetherGetRequest"/>
</testsuite> <!-- com.whetherApiTesting.WhetherGetRequest -->
