<?xml version="1.0" encoding="UTF-8"?>
<!-- Generated by org.testng.reporters.JUnitReportReporter -->
<testsuite skipped="0" hostname="ULTP489" name="com.whetherApiTesting.Demo4_Delete_Request" tests="1" failures="0" timestamp="2020-02-11T16:04:18 IST" time="3.709" errors="0">
  <testcase name="test_Delete_Request" time="3.709" classname="com.whetherApiTesting.Demo4_Delete_Request"/>
</testsuite> <!-- com.whetherApiTesting.Demo4_Delete_Request -->
