<?xml version="1.0" encoding="UTF-8"?>
<!-- Generated by org.testng.reporters.JUnitReportReporter -->
<testsuite skipped="0" hostname="ULTP489" name="com.whetherApiTesting.GetDateFromAPI2" tests="2" failures="0" timestamp="2020-02-10T18:22:42 IST" time="4.891" errors="0">
  <testcase name="testResponseCode" time="0.813" classname="com.whetherApiTesting.GetDateFromAPI2"/>
  <testcase name="testResponseBody" time="4.078" classname="com.whetherApiTesting.GetDateFromAPI2"/>
</testsuite> <!-- com.whetherApiTesting.GetDateFromAPI2 -->
